{"C:\\Users\\henrr\\Desktop\\Documentos\\lifegarden\\src\\services\\firebaseConfig.js": {"path":"C:\\Users\\henrr\\Desktop\\Documentos\\lifegarden\\src\\services\\firebaseConfig.js","statementMap":{"0":{"start":{"line":6,"column":23},"end":{"line":13,"column":1}},"1":{"start":{"line":15,"column":11},"end":{"line":15,"column":41}},"2":{"start":{"line":17,"column":19},"end":{"line":17,"column":32}},"3":{"start":{"line":18,"column":17},"end":{"line":18,"column":35}},"4":{"start":{"line":19,"column":22},"end":{"line":19,"column":38}}},"fnMap":{},"branchMap":{},"s":{"0":1,"1":1,"2":1,"3":1,"4":1},"f":{},"b":{},"meta":{"lastBranch":0,"lastFunction":0,"lastStatement":5,"seen":{"s:6:23:13:1":0,"s:15:11:15:41":1,"s:17:19:17:32":2,"s:18:17:18:35":3,"s:19:22:19:38":4}}}
,"C:\\Users\\henrr\\Desktop\\Documentos\\lifegarden\\src\\services\\messageService.js": {"path":"C:\\Users\\henrr\\Desktop\\Documentos\\lifegarden\\src\\services\\messageService.js","statementMap":{"0":{"start":{"line":19,"column":33},"end":{"line":43,"column":1}},"1":{"start":{"line":20,"column":2},"end":{"line":42,"column":null}},"2":{"start":{"line":21,"column":4},"end":{"line":21,"column":null}},"3":{"start":{"line":21,"column":42},"end":{"line":21,"column":null}},"4":{"start":{"line":23,"column":40},"end":{"line":23,"column":57}},"5":{"start":{"line":25,"column":4},"end":{"line":25,"column":null}},"6":{"start":{"line":25,"column":39},"end":{"line":25,"column":null}},"7":{"start":{"line":27,"column":15},"end":{"line":27,"column":46}},"8":{"start":{"line":28,"column":17},"end":{"line":28,"column":34}},"9":{"start":{"line":30,"column":4},"end":{"line":30,"column":null}},"10":{"start":{"line":30,"column":24},"end":{"line":30,"column":null}},"11":{"start":{"line":32,"column":20},"end":{"line":32,"column":31}},"12":{"start":{"line":33,"column":26},"end":{"line":33,"column":47}},"13":{"start":{"line":35,"column":4},"end":{"line":38,"column":null}},"14":{"start":{"line":41,"column":4},"end":{"line":41,"column":null}},"15":{"start":{"line":49,"column":27},"end":{"line":69,"column":1}},"16":{"start":{"line":55,"column":2},"end":{"line":68,"column":null}},"17":{"start":{"line":56,"column":24},"end":{"line":56,"column":52}},"18":{"start":{"line":58,"column":4},"end":{"line":64,"column":null}},"19":{"start":{"line":67,"column":4},"end":{"line":67,"column":null}},"20":{"start":{"line":75,"column":30},"end":{"line":96,"column":1}},"21":{"start":{"line":76,"column":2},"end":{"line":95,"column":null}},"22":{"start":{"line":77,"column":24},"end":{"line":77,"column":52}},"23":{"start":{"line":79,"column":13},"end":{"line":83,"column":5}},"24":{"start":{"line":85,"column":4},"end":{"line":91,"column":null}},"25":{"start":{"line":86,"column":19},"end":{"line":89,"column":9}},"26":{"start":{"line":86,"column":45},"end":{"line":89,"column":7}},"27":{"start":{"line":90,"column":6},"end":{"line":90,"column":null}},"28":{"start":{"line":94,"column":4},"end":{"line":94,"column":16}},"29":{"start":{"line":102,"column":28},"end":{"line":144,"column":1}},"30":{"start":{"line":103,"column":2},"end":{"line":143,"column":null}},"31":{"start":{"line":104,"column":24},"end":{"line":104,"column":52}},"32":{"start":{"line":106,"column":14},"end":{"line":106,"column":76}},"33":{"start":{"line":107,"column":14},"end":{"line":107,"column":79}},"34":{"start":{"line":109,"column":21},"end":{"line":109,"column":66}},"35":{"start":{"line":111,"column":18},"end":{"line":111,"column":27}},"36":{"start":{"line":113,"column":22},"end":{"line":132,"column":5}},"37":{"start":{"line":114,"column":6},"end":{"line":131,"column":null}},"38":{"start":{"line":115,"column":18},"end":{"line":115,"column":29}},"39":{"start":{"line":116,"column":23},"end":{"line":116,"column":31}},"40":{"start":{"line":119,"column":10},"end":{"line":119,"column":63}},"41":{"start":{"line":121,"column":26},"end":{"line":121,"column":43}},"42":{"start":{"line":123,"column":8},"end":{"line":130,"column":null}},"43":{"start":{"line":124,"column":10},"end":{"line":129,"column":null}},"44":{"start":{"line":134,"column":4},"end":{"line":134,"column":null}},"45":{"start":{"line":135,"column":4},"end":{"line":135,"column":null}},"46":{"start":{"line":137,"column":4},"end":{"line":139,"column":null}},"47":{"start":{"line":138,"column":16},"end":{"line":138,"column":null}},"48":{"start":{"line":142,"column":4},"end":{"line":142,"column":null}},"49":{"start":{"line":150,"column":26},"end":{"line":171,"column":1}},"50":{"start":{"line":151,"column":20},"end":{"line":151,"column":62}},"51":{"start":{"line":153,"column":2},"end":{"line":155,"column":null}},"52":{"start":{"line":154,"column":4},"end":{"line":154,"column":null}},"53":{"start":{"line":157,"column":2},"end":{"line":170,"column":null}},"54":{"start":{"line":158,"column":24},"end":{"line":158,"column":52}},"55":{"start":{"line":159,"column":13},"end":{"line":159,"column":64}},"56":{"start":{"line":161,"column":17},"end":{"line":161,"column":33}},"57":{"start":{"line":163,"column":21},"end":{"line":163,"column":59}},"58":{"start":{"line":163,"column":41},"end":{"line":163,"column":58}},"59":{"start":{"line":165,"column":4},"end":{"line":165,"column":null}},"60":{"start":{"line":167,"column":4},"end":{"line":167,"column":null}},"61":{"start":{"line":169,"column":4},"end":{"line":169,"column":null}}},"fnMap":{"0":{"name":"(anonymous_0)","decl":{"start":{"line":19,"column":33},"end":{"line":19,"column":38}},"loc":{"start":{"line":19,"column":62},"end":{"line":43,"column":1}},"line":19},"1":{"name":"(anonymous_1)","decl":{"start":{"line":49,"column":27},"end":{"line":49,"column":32}},"loc":{"start":{"line":54,"column":5},"end":{"line":69,"column":1}},"line":54},"2":{"name":"(anonymous_2)","decl":{"start":{"line":75,"column":30},"end":{"line":75,"column":31}},"loc":{"start":{"line":75,"column":52},"end":{"line":96,"column":1}},"line":75},"3":{"name":"(anonymous_3)","decl":{"start":{"line":85,"column":25},"end":{"line":85,"column":26}},"loc":{"start":{"line":85,"column":39},"end":{"line":91,"column":5}},"line":85},"4":{"name":"(anonymous_4)","decl":{"start":{"line":86,"column":37},"end":{"line":86,"column":38}},"loc":{"start":{"line":86,"column":45},"end":{"line":89,"column":7}},"line":86},"5":{"name":"(anonymous_5)","decl":{"start":{"line":102,"column":28},"end":{"line":102,"column":33}},"loc":{"start":{"line":102,"column":49},"end":{"line":144,"column":1}},"line":102},"6":{"name":"(anonymous_6)","decl":{"start":{"line":113,"column":22},"end":{"line":113,"column":23}},"loc":{"start":{"line":113,"column":32},"end":{"line":132,"column":5}},"line":113},"7":{"name":"(anonymous_7)","decl":{"start":{"line":114,"column":19},"end":{"line":114,"column":20}},"loc":{"start":{"line":114,"column":29},"end":{"line":131,"column":7}},"line":114},"8":{"name":"(anonymous_8)","decl":{"start":{"line":138,"column":6},"end":{"line":138,"column":7}},"loc":{"start":{"line":138,"column":16},"end":{"line":138,"column":null}},"line":138},"9":{"name":"(anonymous_9)","decl":{"start":{"line":150,"column":26},"end":{"line":150,"column":31}},"loc":{"start":{"line":150,"column":55},"end":{"line":171,"column":1}},"line":150},"10":{"name":"(anonymous_10)","decl":{"start":{"line":163,"column":35},"end":{"line":163,"column":36}},"loc":{"start":{"line":163,"column":41},"end":{"line":163,"column":58}},"line":163}},"branchMap":{"0":{"loc":{"start":{"line":21,"column":4},"end":{"line":21,"column":null}},"type":"if","locations":[{"start":{"line":21,"column":4},"end":{"line":21,"column":null}},{"start":{},"end":{}}],"line":21},"1":{"loc":{"start":{"line":21,"column":8},"end":{"line":21,"column":40}},"type":"binary-expr","locations":[{"start":{"line":21,"column":8},"end":{"line":21,"column":15}},{"start":{"line":21,"column":19},"end":{"line":21,"column":40}}],"line":21},"2":{"loc":{"start":{"line":25,"column":4},"end":{"line":25,"column":null}},"type":"if","locations":[{"start":{"line":25,"column":4},"end":{"line":25,"column":null}},{"start":{},"end":{}}],"line":25},"3":{"loc":{"start":{"line":25,"column":8},"end":{"line":25,"column":37}},"type":"binary-expr","locations":[{"start":{"line":25,"column":8},"end":{"line":25,"column":18}},{"start":{"line":25,"column":22},"end":{"line":25,"column":37}}],"line":25},"4":{"loc":{"start":{"line":30,"column":4},"end":{"line":30,"column":null}},"type":"if","locations":[{"start":{"line":30,"column":4},"end":{"line":30,"column":null}},{"start":{},"end":{}}],"line":30},"5":{"loc":{"start":{"line":36,"column":6},"end":{"line":37,"column":null}},"type":"binary-expr","locations":[{"start":{"line":36,"column":6},"end":{"line":36,"column":34}},{"start":{"line":37,"column":6},"end":{"line":37,"column":null}}],"line":36},"6":{"loc":{"start":{"line":119,"column":10},"end":{"line":119,"column":63}},"type":"binary-expr","locations":[{"start":{"line":119,"column":10},"end":{"line":119,"column":33}},{"start":{"line":119,"column":37},"end":{"line":119,"column":48}},{"start":{"line":119,"column":52},"end":{"line":119,"column":63}}],"line":119},"7":{"loc":{"start":{"line":123,"column":8},"end":{"line":130,"column":null}},"type":"if","locations":[{"start":{"line":123,"column":8},"end":{"line":130,"column":null}},{"start":{},"end":{}}],"line":123},"8":{"loc":{"start":{"line":123,"column":12},"end":{"line":123,"column":64}},"type":"binary-expr","locations":[{"start":{"line":123,"column":12},"end":{"line":123,"column":22}},{"start":{"line":123,"column":26},"end":{"line":123,"column":64}}],"line":123},"9":{"loc":{"start":{"line":153,"column":2},"end":{"line":155,"column":null}},"type":"if","locations":[{"start":{"line":153,"column":2},"end":{"line":155,"column":null}},{"start":{},"end":{}}],"line":153}},"s":{"0":1,"1":0,"2":0,"3":0,"4":0,"5":0,"6":0,"7":0,"8":0,"9":0,"10":0,"11":0,"12":0,"13":0,"14":0,"15":1,"16":1,"17":1,"18":1,"19":0,"20":1,"21":0,"22":0,"23":0,"24":0,"25":0,"26":0,"27":0,"28":0,"29":1,"30":0,"31":0,"32":0,"33":0,"34":0,"35":0,"36":0,"37":0,"38":0,"39":0,"40":0,"41":0,"42":0,"43":0,"44":0,"45":0,"46":0,"47":0,"48":0,"49":1,"50":0,"51":0,"52":0,"53":0,"54":0,"55":0,"56":0,"57":0,"58":0,"59":0,"60":0,"61":0},"f":{"0":0,"1":1,"2":0,"3":0,"4":0,"5":0,"6":0,"7":0,"8":0,"9":0,"10":0},"b":{"0":[0,0],"1":[0,0],"2":[0,0],"3":[0,0],"4":[0,0],"5":[0,0],"6":[0,0,0],"7":[0,0],"8":[0,0],"9":[0,0]},"meta":{"lastBranch":10,"lastFunction":11,"lastStatement":62,"seen":{"s:19:33:43:1":0,"f:19:33:19:38":0,"s:20:2:42:Infinity":1,"b:21:4:21:Infinity:undefined:undefined:undefined:undefined":0,"s:21:4:21:Infinity":2,"b:21:8:21:15:21:19:21:40":1,"s:21:42:21:Infinity":3,"s:23:40:23:57":4,"b:25:4:25:Infinity:undefined:undefined:undefined:undefined":2,"s:25:4:25:Infinity":5,"b:25:8:25:18:25:22:25:37":3,"s:25:39:25:Infinity":6,"s:27:15:27:46":7,"s:28:17:28:34":8,"b:30:4:30:Infinity:undefined:undefined:undefined:undefined":4,"s:30:4:30:Infinity":9,"s:30:24:30:Infinity":10,"s:32:20:32:31":11,"s:33:26:33:47":12,"s:35:4:38:Infinity":13,"b:36:6:36:34:37:6:37:Infinity":5,"s:41:4:41:Infinity":14,"s:49:27:69:1":15,"f:49:27:49:32":1,"s:55:2:68:Infinity":16,"s:56:24:56:52":17,"s:58:4:64:Infinity":18,"s:67:4:67:Infinity":19,"s:75:30:96:1":20,"f:75:30:75:31":2,"s:76:2:95:Infinity":21,"s:77:24:77:52":22,"s:79:13:83:5":23,"s:85:4:91:Infinity":24,"f:85:25:85:26":3,"s:86:19:89:9":25,"f:86:37:86:38":4,"s:86:45:89:7":26,"s:90:6:90:Infinity":27,"s:94:4:94:16":28,"s:102:28:144:1":29,"f:102:28:102:33":5,"s:103:2:143:Infinity":30,"s:104:24:104:52":31,"s:106:14:106:76":32,"s:107:14:107:79":33,"s:109:21:109:66":34,"s:111:18:111:27":35,"s:113:22:132:5":36,"f:113:22:113:23":6,"s:114:6:131:Infinity":37,"f:114:19:114:20":7,"s:115:18:115:29":38,"s:116:23:116:31":39,"s:119:10:119:63":40,"b:119:10:119:33:119:37:119:48:119:52:119:63":6,"s:121:26:121:43":41,"b:123:8:130:Infinity:undefined:undefined:undefined:undefined":7,"s:123:8:130:Infinity":42,"b:123:12:123:22:123:26:123:64":8,"s:124:10:129:Infinity":43,"s:134:4:134:Infinity":44,"s:135:4:135:Infinity":45,"s:137:4:139:Infinity":46,"f:138:6:138:7":8,"s:138:16:138:Infinity":47,"s:142:4:142:Infinity":48,"s:150:26:171:1":49,"f:150:26:150:31":9,"s:151:20:151:62":50,"b:153:2:155:Infinity:undefined:undefined:undefined:undefined":9,"s:153:2:155:Infinity":51,"s:154:4:154:Infinity":52,"s:157:2:170:Infinity":53,"s:158:24:158:52":54,"s:159:13:159:64":55,"s:161:17:161:33":56,"s:163:21:163:59":57,"f:163:35:163:36":10,"s:163:41:163:58":58,"s:165:4:165:Infinity":59,"s:167:4:167:Infinity":60,"s:169:4:169:Infinity":61}}}
}
