{"C:\\Users\\henrr\\Desktop\\Documentos\\lifegarden\\src\\services\\authService.js": {"path":"C:\\Users\\henrr\\Desktop\\Documentos\\lifegarden\\src\\services\\authService.js","statementMap":{"0":{"start":{"line":5,"column":19},"end":{"line":5,"column":74}},"1":{"start":{"line":6,"column":2},"end":{"line":6,"column":null}}},"fnMap":{"0":{"name":"loginUser","decl":{"start":{"line":4,"column":22},"end":{"line":4,"column":31}},"loc":{"start":{"line":4,"column":49},"end":{"line":7,"column":null}},"line":4}},"branchMap":{},"s":{"0":1,"1":1},"f":{"0":1},"b":{},"meta":{"lastBranch":0,"lastFunction":1,"lastStatement":2,"seen":{"f:4:22:4:31":0,"s:5:19:5:74":0,"s:6:2:6:Infinity":1}}}
,"C:\\Users\\henrr\\Desktop\\Documentos\\lifegarden\\src\\services\\firebaseConfig.js": {"path":"C:\\Users\\henrr\\Desktop\\Documentos\\lifegarden\\src\\services\\firebaseConfig.js","statementMap":{"0":{"start":{"line":6,"column":23},"end":{"line":13,"column":1}},"1":{"start":{"line":15,"column":11},"end":{"line":15,"column":41}},"2":{"start":{"line":17,"column":19},"end":{"line":17,"column":32}},"3":{"start":{"line":18,"column":17},"end":{"line":18,"column":35}},"4":{"start":{"line":19,"column":22},"end":{"line":19,"column":38}}},"fnMap":{},"branchMap":{},"s":{"0":4,"1":4,"2":4,"3":4,"4":4},"f":{},"b":{},"meta":{"lastBranch":0,"lastFunction":0,"lastStatement":5,"seen":{"s:6:23:13:1":0,"s:15:11:15:41":1,"s:17:19:17:32":2,"s:18:17:18:35":3,"s:19:22:19:38":4}}}
,"C:\\Users\\henrr\\Desktop\\Documentos\\lifegarden\\src\\utils\\filterProducts.js": {"path":"C:\\Users\\henrr\\Desktop\\Documentos\\lifegarden\\src\\utils\\filterProducts.js","statementMap":{"0":{"start":{"line":2,"column":2},"end":{"line":11,"column":null}},"1":{"start":{"line":3,"column":22},"end":{"line":3,"column":73}},"2":{"start":{"line":4,"column":22},"end":{"line":4,"column":78}},"3":{"start":{"line":6,"column":6},"end":{"line":6,"column":56}},"4":{"start":{"line":7,"column":26},"end":{"line":7,"column":75}},"5":{"start":{"line":8,"column":26},"end":{"line":8,"column":75}},"6":{"start":{"line":10,"column":4},"end":{"line":10,"column":null}}},"fnMap":{"0":{"name":"filterProducts","decl":{"start":{"line":1,"column":16},"end":{"line":1,"column":30}},"loc":{"start":{"line":1,"column":79},"end":{"line":12,"column":null}},"line":1},"1":{"name":"(anonymous_1)","decl":{"start":{"line":2,"column":25},"end":{"line":2,"column":26}},"loc":{"start":{"line":2,"column":32},"end":{"line":11,"column":3}},"line":2}},"branchMap":{"0":{"loc":{"start":{"line":6,"column":6},"end":{"line":6,"column":56}},"type":"binary-expr","locations":[{"start":{"line":6,"column":6},"end":{"line":6,"column":27}},{"start":{"line":6,"column":31},"end":{"line":6,"column":56}}],"line":6},"1":{"loc":{"start":{"line":7,"column":26},"end":{"line":7,"column":75}},"type":"cond-expr","locations":[{"start":{"line":7,"column":37},"end":{"line":7,"column":68}},{"start":{"line":7,"column":71},"end":{"line":7,"column":75}}],"line":7},"2":{"loc":{"start":{"line":8,"column":26},"end":{"line":8,"column":75}},"type":"cond-expr","locations":[{"start":{"line":8,"column":37},"end":{"line":8,"column":68}},{"start":{"line":8,"column":71},"end":{"line":8,"column":75}}],"line":8},"3":{"loc":{"start":{"line":10,"column":11},"end":{"line":10,"column":87}},"type":"binary-expr","locations":[{"start":{"line":10,"column":12},"end":{"line":10,"column":21}},{"start":{"line":10,"column":25},"end":{"line":10,"column":34}},{"start":{"line":10,"column":39},"end":{"line":10,"column":53}},{"start":{"line":10,"column":57},"end":{"line":10,"column":70}},{"start":{"line":10,"column":74},"end":{"line":10,"column":87}}],"line":10}},"s":{"0":4,"1":8,"2":8,"3":8,"4":8,"5":8,"6":8},"f":{"0":4,"1":8},"b":{"0":[8,2],"1":[2,6],"2":[2,6],"3":[8,1,7,6,5]},"meta":{"lastBranch":4,"lastFunction":2,"lastStatement":7,"seen":{"f:1:16:1:30":0,"s:2:2:11:Infinity":0,"f:2:25:2:26":1,"s:3:22:3:73":1,"s:4:22:4:78":2,"s:6:6:6:56":3,"b:6:6:6:27:6:31:6:56":0,"s:7:26:7:75":4,"b:7:37:7:68:7:71:7:75":1,"s:8:26:8:75":5,"b:8:37:8:68:8:71:8:75":2,"s:10:4:10:Infinity":6,"b:10:12:10:21:10:25:10:34:10:39:10:53:10:57:10:70:10:74:10:87":3}}}
,"C:\\Users\\henrr\\Desktop\\Documentos\\lifegarden\\src\\utils\\ratingUtils.js": {"path":"C:\\Users\\henrr\\Desktop\\Documentos\\lifegarden\\src\\utils\\ratingUtils.js","statementMap":{"0":{"start":{"line":7,"column":2},"end":{"line":7,"column":null}},"1":{"start":{"line":7,"column":51},"end":{"line":7,"column":null}},"2":{"start":{"line":9,"column":15},"end":{"line":9,"column":51}},"3":{"start":{"line":9,"column":40},"end":{"line":9,"column":47}},"4":{"start":{"line":10,"column":2},"end":{"line":10,"column":null}},"5":{"start":{"line":18,"column":2},"end":{"line":18,"column":null}},"6":{"start":{"line":18,"column":16},"end":{"line":18,"column":null}},"7":{"start":{"line":19,"column":2},"end":{"line":19,"column":null}},"8":{"start":{"line":19,"column":16},"end":{"line":19,"column":null}},"9":{"start":{"line":21,"column":17},"end":{"line":21,"column":33}},"10":{"start":{"line":22,"column":17},"end":{"line":22,"column":27}},"11":{"start":{"line":24,"column":2},"end":{"line":24,"column":null}}},"fnMap":{"0":{"name":"calcularMediaAvaliacoes","decl":{"start":{"line":6,"column":16},"end":{"line":6,"column":39}},"loc":{"start":{"line":6,"column":47},"end":{"line":11,"column":null}},"line":6},"1":{"name":"(anonymous_1)","decl":{"start":{"line":9,"column":28},"end":{"line":9,"column":29}},"loc":{"start":{"line":9,"column":40},"end":{"line":9,"column":47}},"line":9},"2":{"name":"gerarEstrelas","decl":{"start":{"line":17,"column":16},"end":{"line":17,"column":29}},"loc":{"start":{"line":17,"column":36},"end":{"line":25,"column":null}},"line":17}},"branchMap":{"0":{"loc":{"start":{"line":7,"column":2},"end":{"line":7,"column":null}},"type":"if","locations":[{"start":{"line":7,"column":2},"end":{"line":7,"column":null}},{"start":{},"end":{}}],"line":7},"1":{"loc":{"start":{"line":7,"column":6},"end":{"line":7,"column":49}},"type":"binary-expr","locations":[{"start":{"line":7,"column":6},"end":{"line":7,"column":27}},{"start":{"line":7,"column":31},"end":{"line":7,"column":49}}],"line":7},"2":{"loc":{"start":{"line":18,"column":2},"end":{"line":18,"column":null}},"type":"if","locations":[{"start":{"line":18,"column":2},"end":{"line":18,"column":null}},{"start":{},"end":{}}],"line":18},"3":{"loc":{"start":{"line":19,"column":2},"end":{"line":19,"column":null}},"type":"if","locations":[{"start":{"line":19,"column":2},"end":{"line":19,"column":null}},{"start":{},"end":{}}],"line":19}},"s":{"0":3,"1":2,"2":1,"3":3,"4":1,"5":3,"6":1,"7":3,"8":1,"9":3,"10":3,"11":3},"f":{"0":3,"1":3,"2":3},"b":{"0":[2,1],"1":[3,2],"2":[1,2],"3":[1,2]},"meta":{"lastBranch":4,"lastFunction":3,"lastStatement":12,"seen":{"f:6:16:6:39":0,"b:7:2:7:Infinity:undefined:undefined:undefined:undefined":0,"s:7:2:7:Infinity":0,"b:7:6:7:27:7:31:7:49":1,"s:7:51:7:Infinity":1,"s:9:15:9:51":2,"f:9:28:9:29":1,"s:9:40:9:47":3,"s:10:2:10:Infinity":4,"f:17:16:17:29":2,"b:18:2:18:Infinity:undefined:undefined:undefined:undefined":2,"s:18:2:18:Infinity":5,"s:18:16:18:Infinity":6,"b:19:2:19:Infinity:undefined:undefined:undefined:undefined":3,"s:19:2:19:Infinity":7,"s:19:16:19:Infinity":8,"s:21:17:21:33":9,"s:22:17:22:27":10,"s:24:2:24:Infinity":11}}}
}
