TN:
SF:src\services\messageService.js
FN:19,(anonymous_0)
FN:46,(anonymous_1)
FN:65,(anonymous_2)
FN:75,(anonymous_3)
FN:76,(anonymous_4)
FN:91,(anonymous_5)
FN:102,(anonymous_6)
FN:103,(anonymous_7)
FN:123,(anonymous_8)
FN:134,(anonymous_9)
FN:146,(anonymous_10)
FNF:11
FNH:5
FNDA:1,(anonymous_0)
FNDA:1,(anonymous_1)
FNDA:0,(anonymous_2)
FNDA:0,(anonymous_3)
FNDA:0,(anonymous_4)
FNDA:1,(anonymous_5)
FNDA:2,(anonymous_6)
FNDA:2,(anonymous_7)
FNDA:0,(anonymous_8)
FNDA:0,(anonymous_9)
FNDA:0,(anonymous_10)
DA:19,1
DA:20,1
DA:21,1
DA:24,1
DA:26,1
DA:27,1
DA:29,1
DA:31,1
DA:32,1
DA:35,1
DA:38,0
DA:39,0
DA:46,1
DA:47,1
DA:48,1
DA:50,1
DA:59,0
DA:60,0
DA:65,1
DA:66,0
DA:67,0
DA:69,0
DA:75,0
DA:76,0
DA:80,0
DA:84,0
DA:91,1
DA:92,1
DA:93,1
DA:95,1
DA:96,1
DA:98,1
DA:100,1
DA:102,1
DA:103,2
DA:104,2
DA:105,2
DA:107,2
DA:109,2
DA:110,1
DA:120,1
DA:121,1
DA:123,1
DA:126,0
DA:127,0
DA:134,1
DA:135,0
DA:136,0
DA:138,0
DA:139,0
DA:142,0
DA:143,0
DA:145,0
DA:146,0
DA:148,0
DA:149,0
DA:152,0
DA:153,0
LF:58
LH:33
BRDA:24,0,0,0
BRDA:24,0,1,1
BRDA:24,1,0,1
BRDA:24,1,1,1
BRDA:29,2,0,0
BRDA:29,2,1,1
BRDA:35,3,0,1
BRDA:35,3,1,0
BRDA:107,4,0,2
BRDA:107,4,1,2
BRDA:109,5,0,1
BRDA:109,5,1,1
BRDA:109,6,0,2
BRDA:109,6,1,1
BRDA:138,7,0,0
BRDA:138,7,1,0
BRF:16
BRH:11
end_of_record
