TN:
SF:src\services\firebaseConfig.js
FNF:0
FNH:0
DA:6,1
DA:15,1
DA:17,1
DA:18,1
DA:19,1
LF:5
LH:5
BRF:0
BRH:0
end_of_record
TN:
SF:src\services\messageService.js
FN:14,(anonymous_0)
FN:40,(anonymous_1)
FN:62,(anonymous_2)
FN:72,(anonymous_3)
FN:73,(anonymous_4)
FN:85,(anonymous_5)
FN:96,(anonymous_6)
FN:97,(anonymous_7)
FN:121,(anonymous_8)
FNF:9
FNH:6
FNDA:2,(anonymous_0)
FNDA:2,(anonymous_1)
FNDA:1,(anonymous_2)
FNDA:0,(anonymous_3)
FNDA:0,(anonymous_4)
FNDA:1,(anonymous_5)
FNDA:2,(anonymous_6)
FNDA:2,(anonymous_7)
FNDA:0,(anonymous_8)
DA:14,2
DA:15,2
DA:16,2
DA:18,1
DA:20,1
DA:22,1
DA:23,1
DA:25,1
DA:27,1
DA:28,1
DA:30,1
DA:36,0
DA:40,2
DA:46,2
DA:47,2
DA:49,2
DA:58,0
DA:62,2
DA:63,1
DA:64,1
DA:66,1
DA:72,1
DA:73,0
DA:77,0
DA:81,1
DA:85,2
DA:86,1
DA:87,1
DA:89,1
DA:90,1
DA:92,1
DA:94,1
DA:96,1
DA:97,2
DA:98,2
DA:99,2
DA:102,2
DA:104,2
DA:106,2
DA:107,1
DA:117,1
DA:118,1
DA:120,1
DA:121,0
DA:125,0
LF:45
LH:39
BRDA:16,0,0,1
BRDA:16,0,1,1
BRDA:16,1,0,2
BRDA:16,1,1,2
BRDA:20,2,0,0
BRDA:20,2,1,1
BRDA:20,3,0,1
BRDA:20,3,1,1
BRDA:25,4,0,0
BRDA:25,4,1,1
BRDA:31,5,0,1
BRDA:31,5,1,0
BRDA:102,6,0,2
BRDA:102,6,1,2
BRDA:102,6,2,0
BRDA:106,7,0,1
BRDA:106,7,1,1
BRDA:106,8,0,2
BRDA:106,8,1,1
BRF:19
BRH:15
end_of_record
